<?xml version="1.0" encoding="UTF-8"?>
<!-- Generated by org.testng.reporters.JUnitReportReporter -->
<testsuite skipped="0" hostname="DESKTOP-LSIEJKN" name="com.webtest.dataprovider.NSDataProvider" tests="146" failures="0" timestamp="2020-06-07T16:06:59 CST" time="0.081" errors="1">
  <testcase name="testDB" time="0.001" classname="com.webtest.dataprovider.NSDataProvider"/>
  <system-out/>
  <testcase name="testDB" time="0.000" classname="com.webtest.dataprovider.NSDataProvider"/>
  <system-out/>
  <testcase name="testDB" time="0.000" classname="com.webtest.dataprovider.NSDataProvider"/>
  <system-out/>
  <testcase name="testDB" time="0.001" classname="com.webtest.dataprovider.NSDataProvider"/>
  <system-out/>
  <testcase name="testDB" time="0.000" classname="com.webtest.dataprovider.NSDataProvider"/>
  <system-out/>
  <testcase name="testDB" time="0.001" classname="com.webtest.dataprovider.NSDataProvider"/>
  <system-out/>
  <testcase name="testDB" time="0.001" classname="com.webtest.dataprovider.NSDataProvider"/>
  <system-out/>
  <testcase name="testDB" time="0.001" classname="com.webtest.dataprovider.NSDataProvider"/>
  <system-out/>
  <testcase name="testDB" time="0.001" classname="com.webtest.dataprovider.NSDataProvider"/>
  <system-out/>
  <testcase name="testDB" time="0.001" classname="com.webtest.dataprovider.NSDataProvider"/>
  <system-out/>
  <testcase name="testDB" time="0.000" classname="com.webtest.dataprovider.NSDataProvider"/>
  <system-out/>
  <testcase name="testDB" time="0.001" classname="com.webtest.dataprovider.NSDataProvider"/>
  <system-out/>
  <testcase name="testDB" time="0.001" classname="com.webtest.dataprovider.NSDataProvider"/>
  <system-out/>
  <testcase name="testDB" time="0.001" classname="com.webtest.dataprovider.NSDataProvider"/>
  <system-out/>
  <testcase name="testDB" time="0.001" classname="com.webtest.dataprovider.NSDataProvider"/>
  <system-out/>
  <testcase name="testDB" time="0.000" classname="com.webtest.dataprovider.NSDataProvider"/>
  <system-out/>
  <testcase name="testDB" time="0.001" classname="com.webtest.dataprovider.NSDataProvider"/>
  <system-out/>
  <testcase name="testDB" time="0.000" classname="com.webtest.dataprovider.NSDataProvider"/>
  <system-out/>
  <testcase name="testDB" time="0.001" classname="com.webtest.dataprovider.NSDataProvider"/>
  <system-out/>
  <testcase name="testDB" time="0.001" classname="com.webtest.dataprovider.NSDataProvider"/>
  <system-out/>
  <testcase name="testDB" time="0.000" classname="com.webtest.dataprovider.NSDataProvider"/>
  <system-out/>
  <testcase name="testDB" time="0.000" classname="com.webtest.dataprovider.NSDataProvider"/>
  <system-out/>
  <testcase name="testDB" time="0.001" classname="com.webtest.dataprovider.NSDataProvider"/>
  <system-out/>
  <testcase name="testDB" time="0.001" classname="com.webtest.dataprovider.NSDataProvider"/>
  <system-out/>
  <testcase name="testDB" time="0.000" classname="com.webtest.dataprovider.NSDataProvider"/>
  <system-out/>
  <testcase name="testDB" time="0.000" classname="com.webtest.dataprovider.NSDataProvider"/>
  <system-out/>
  <testcase name="testDB" time="0.001" classname="com.webtest.dataprovider.NSDataProvider"/>
  <system-out/>
  <testcase name="testDB" time="0.000" classname="com.webtest.dataprovider.NSDataProvider"/>
  <system-out/>
  <testcase name="testDB" time="0.001" classname="com.webtest.dataprovider.NSDataProvider"/>
  <system-out/>
  <testcase name="testDB" time="0.001" classname="com.webtest.dataprovider.NSDataProvider"/>
  <system-out/>
  <testcase name="testDB" time="0.001" classname="com.webtest.dataprovider.NSDataProvider"/>
  <system-out/>
  <testcase name="testDB" time="0.000" classname="com.webtest.dataprovider.NSDataProvider"/>
  <system-out/>
  <testcase name="testDB" time="0.000" classname="com.webtest.dataprovider.NSDataProvider"/>
  <system-out/>
  <testcase name="testDB" time="0.000" classname="com.webtest.dataprovider.NSDataProvider"/>
  <system-out/>
  <testcase name="testDB" time="0.001" classname="com.webtest.dataprovider.NSDataProvider"/>
  <system-out/>
  <testcase name="testDB" time="0.001" classname="com.webtest.dataprovider.NSDataProvider"/>
  <system-out/>
  <testcase name="testDB" time="0.001" classname="com.webtest.dataprovider.NSDataProvider"/>
  <system-out/>
  <testcase name="testDB" time="0.001" classname="com.webtest.dataprovider.NSDataProvider"/>
  <system-out/>
  <testcase name="testDB" time="0.001" classname="com.webtest.dataprovider.NSDataProvider"/>
  <system-out/>
  <testcase name="testDB" time="0.000" classname="com.webtest.dataprovider.NSDataProvider"/>
  <system-out/>
  <testcase name="testDB" time="0.000" classname="com.webtest.dataprovider.NSDataProvider"/>
  <system-out/>
  <testcase name="testDB" time="0.001" classname="com.webtest.dataprovider.NSDataProvider"/>
  <system-out/>
  <testcase name="testDB" time="0.000" classname="com.webtest.dataprovider.NSDataProvider"/>
  <system-out/>
  <testcase name="testDB" time="0.000" classname="com.webtest.dataprovider.NSDataProvider"/>
  <system-out/>
  <testcase name="testDB" time="0.001" classname="com.webtest.dataprovider.NSDataProvider"/>
  <system-out/>
  <testcase name="testDB" time="0.000" classname="com.webtest.dataprovider.NSDataProvider"/>
  <system-out/>
  <testcase name="testDB" time="0.001" classname="com.webtest.dataprovider.NSDataProvider"/>
  <system-out/>
  <testcase name="testDB" time="0.000" classname="com.webtest.dataprovider.NSDataProvider"/>
  <system-out/>
  <testcase name="testDB" time="0.001" classname="com.webtest.dataprovider.NSDataProvider"/>
  <system-out/>
  <testcase name="testDB" time="0.000" classname="com.webtest.dataprovider.NSDataProvider"/>
  <system-out/>
  <testcase name="testDB" time="0.001" classname="com.webtest.dataprovider.NSDataProvider"/>
  <system-out/>
  <testcase name="testDB" time="0.002" classname="com.webtest.dataprovider.NSDataProvider"/>
  <system-out/>
  <testcase name="testDB" time="0.001" classname="com.webtest.dataprovider.NSDataProvider"/>
  <system-out/>
  <testcase name="testDB" time="0.000" classname="com.webtest.dataprovider.NSDataProvider"/>
  <system-out/>
  <testcase name="testDB" time="0.000" classname="com.webtest.dataprovider.NSDataProvider"/>
  <system-out/>
  <testcase name="testDB" time="0.000" classname="com.webtest.dataprovider.NSDataProvider"/>
  <system-out/>
  <testcase name="testDB" time="0.000" classname="com.webtest.dataprovider.NSDataProvider"/>
  <system-out/>
  <testcase name="testDB" time="0.000" classname="com.webtest.dataprovider.NSDataProvider"/>
  <system-out/>
  <testcase name="testDB" time="0.000" classname="com.webtest.dataprovider.NSDataProvider"/>
  <system-out/>
  <testcase name="testDB" time="0.000" classname="com.webtest.dataprovider.NSDataProvider"/>
  <system-out/>
  <testcase name="testDB" time="0.000" classname="com.webtest.dataprovider.NSDataProvider"/>
  <system-out/>
  <testcase name="testDB" time="0.000" classname="com.webtest.dataprovider.NSDataProvider"/>
  <system-out/>
  <testcase name="testDB" time="0.001" classname="com.webtest.dataprovider.NSDataProvider"/>
  <system-out/>
  <testcase name="testDB" time="0.000" classname="com.webtest.dataprovider.NSDataProvider"/>
  <system-out/>
  <testcase name="testDB" time="0.000" classname="com.webtest.dataprovider.NSDataProvider"/>
  <system-out/>
  <testcase name="testDB" time="0.001" classname="com.webtest.dataprovider.NSDataProvider"/>
  <system-out/>
  <testcase name="testDB" time="0.000" classname="com.webtest.dataprovider.NSDataProvider"/>
  <system-out/>
  <testcase name="testDB" time="0.001" classname="com.webtest.dataprovider.NSDataProvider"/>
  <system-out/>
  <testcase name="testDB" time="0.000" classname="com.webtest.dataprovider.NSDataProvider"/>
  <system-out/>
  <testcase name="testDB" time="0.001" classname="com.webtest.dataprovider.NSDataProvider"/>
  <system-out/>
  <testcase name="testDB" time="0.000" classname="com.webtest.dataprovider.NSDataProvider"/>
  <system-out/>
  <testcase name="testDB" time="0.000" classname="com.webtest.dataprovider.NSDataProvider"/>
  <system-out/>
  <testcase name="testDB" time="0.001" classname="com.webtest.dataprovider.NSDataProvider"/>
  <system-out/>
  <testcase name="testDB" time="0.000" classname="com.webtest.dataprovider.NSDataProvider"/>
  <system-out/>
  <testcase name="testDB" time="0.001" classname="com.webtest.dataprovider.NSDataProvider"/>
  <system-out/>
  <testcase name="testDB" time="0.000" classname="com.webtest.dataprovider.NSDataProvider"/>
  <system-out/>
  <testcase name="testDB" time="0.000" classname="com.webtest.dataprovider.NSDataProvider"/>
  <system-out/>
  <testcase name="testDB" time="0.001" classname="com.webtest.dataprovider.NSDataProvider"/>
  <system-out/>
  <testcase name="testDB" time="0.000" classname="com.webtest.dataprovider.NSDataProvider"/>
  <system-out/>
  <testcase name="testDB" time="0.001" classname="com.webtest.dataprovider.NSDataProvider"/>
  <system-out/>
  <testcase name="testDB" time="0.001" classname="com.webtest.dataprovider.NSDataProvider"/>
  <system-out/>
  <testcase name="testDB" time="0.001" classname="com.webtest.dataprovider.NSDataProvider"/>
  <system-out/>
  <testcase name="testDB" time="0.000" classname="com.webtest.dataprovider.NSDataProvider"/>
  <system-out/>
  <testcase name="testDB" time="0.001" classname="com.webtest.dataprovider.NSDataProvider"/>
  <system-out/>
  <testcase name="testDB" time="0.000" classname="com.webtest.dataprovider.NSDataProvider"/>
  <system-out/>
  <testcase name="testDB" time="0.001" classname="com.webtest.dataprovider.NSDataProvider"/>
  <system-out/>
  <testcase name="testDB" time="0.001" classname="com.webtest.dataprovider.NSDataProvider"/>
  <system-out/>
  <testcase name="testDB" time="0.001" classname="com.webtest.dataprovider.NSDataProvider"/>
  <system-out/>
  <testcase name="testDB" time="0.000" classname="com.webtest.dataprovider.NSDataProvider"/>
  <system-out/>
  <testcase name="testDB" time="0.000" classname="com.webtest.dataprovider.NSDataProvider"/>
  <system-out/>
  <testcase name="testDB" time="0.001" classname="com.webtest.dataprovider.NSDataProvider"/>
  <system-out/>
  <testcase name="testDB" time="0.001" classname="com.webtest.dataprovider.NSDataProvider"/>
  <system-out/>
  <testcase name="testDB" time="0.001" classname="com.webtest.dataprovider.NSDataProvider"/>
  <system-out/>
  <testcase name="testDB" time="0.000" classname="com.webtest.dataprovider.NSDataProvider"/>
  <system-out/>
  <testcase name="testDB" time="0.001" classname="com.webtest.dataprovider.NSDataProvider"/>
  <system-out/>
  <testcase name="testDB" time="0.001" classname="com.webtest.dataprovider.NSDataProvider"/>
  <system-out/>
  <testcase name="testDB" time="0.001" classname="com.webtest.dataprovider.NSDataProvider"/>
  <system-out/>
  <testcase name="testDB" time="0.001" classname="com.webtest.dataprovider.NSDataProvider"/>
  <system-out/>
  <testcase name="testDB" time="0.001" classname="com.webtest.dataprovider.NSDataProvider"/>
  <system-out/>
  <testcase name="testDB" time="0.001" classname="com.webtest.dataprovider.NSDataProvider"/>
  <system-out/>
  <testcase name="testDB" time="0.000" classname="com.webtest.dataprovider.NSDataProvider"/>
  <system-out/>
  <testcase name="testDB" time="0.000" classname="com.webtest.dataprovider.NSDataProvider"/>
  <system-out/>
  <testcase name="testDB" time="0.000" classname="com.webtest.dataprovider.NSDataProvider"/>
  <system-out/>
  <testcase name="testDB" time="0.000" classname="com.webtest.dataprovider.NSDataProvider"/>
  <system-out/>
  <testcase name="testDB" time="0.001" classname="com.webtest.dataprovider.NSDataProvider"/>
  <system-out/>
  <testcase name="testDB" time="0.001" classname="com.webtest.dataprovider.NSDataProvider"/>
  <system-out/>
  <testcase name="testDB" time="0.000" classname="com.webtest.dataprovider.NSDataProvider"/>
  <system-out/>
  <testcase name="testDB" time="0.000" classname="com.webtest.dataprovider.NSDataProvider"/>
  <system-out/>
  <testcase name="testDB" time="0.000" classname="com.webtest.dataprovider.NSDataProvider"/>
  <system-out/>
  <testcase name="testDB" time="0.000" classname="com.webtest.dataprovider.NSDataProvider"/>
  <system-out/>
  <testcase name="testDB" time="0.001" classname="com.webtest.dataprovider.NSDataProvider"/>
  <system-out/>
  <testcase name="testDB" time="0.001" classname="com.webtest.dataprovider.NSDataProvider"/>
  <system-out/>
  <testcase name="testDB" time="0.001" classname="com.webtest.dataprovider.NSDataProvider"/>
  <system-out/>
  <testcase name="testDB" time="0.001" classname="com.webtest.dataprovider.NSDataProvider"/>
  <system-out/>
  <testcase name="testDB" time="0.001" classname="com.webtest.dataprovider.NSDataProvider"/>
  <system-out/>
  <testcase name="testDB" time="0.000" classname="com.webtest.dataprovider.NSDataProvider"/>
  <system-out/>
  <testcase name="testDB" time="0.001" classname="com.webtest.dataprovider.NSDataProvider"/>
  <system-out/>
  <testcase name="testDB" time="0.001" classname="com.webtest.dataprovider.NSDataProvider"/>
  <system-out/>
  <testcase name="testDB" time="0.001" classname="com.webtest.dataprovider.NSDataProvider"/>
  <system-out/>
  <testcase name="testDB" time="0.000" classname="com.webtest.dataprovider.NSDataProvider"/>
  <system-out/>
  <testcase name="testDB" time="0.000" classname="com.webtest.dataprovider.NSDataProvider"/>
  <system-out/>
  <testcase name="testDB" time="0.001" classname="com.webtest.dataprovider.NSDataProvider"/>
  <system-out/>
  <testcase name="testDB" time="0.000" classname="com.webtest.dataprovider.NSDataProvider"/>
  <system-out/>
  <testcase name="getData" time="0.000" classname="com.webtest.dataprovider.NSDataProvider">
    <error type="org.testng.TestNGException" message="
Method public void com.webtest.dataprovider.NSDataProvider.getData(java.lang.String,java.lang.String) requires a @DataProvider named : txt">
      <![CDATA[org.testng.TestNGException: 
Method public void com.webtest.dataprovider.NSDataProvider.getData(java.lang.String,java.lang.String) requires a @DataProvider named : txt
at org.testng.internal.Parameters.findDataProvider(Parameters.java:563)
at org.testng.internal.Parameters.handleParameters(Parameters.java:776)
at org.testng.internal.Parameters.handleParameters(Parameters.java:744)
at org.testng.internal.ParameterHandler.handleParameters(ParameterHandler.java:59)
at org.testng.internal.ParameterHandler.createParameters(ParameterHandler.java:38)
at org.testng.internal.TestInvoker$MethodInvocationAgent.invoke(TestInvoker.java:783)
at org.testng.internal.TestInvoker.invokeTestMethods(TestInvoker.java:146)
at org.testng.internal.TestMethodWorker.invokeTestMethods(TestMethodWorker.java:146)
at org.testng.internal.TestMethodWorker.run(TestMethodWorker.java:128)
at java.util.ArrayList.forEach(Unknown Source)
at org.testng.TestRunner.privateRun(TestRunner.java:766)
at org.testng.TestRunner.run(TestRunner.java:587)
at org.testng.SuiteRunner.runTest(SuiteRunner.java:384)
at org.testng.SuiteRunner.runSequentially(SuiteRunner.java:378)
at org.testng.SuiteRunner.privateRun(SuiteRunner.java:337)
at org.testng.SuiteRunner.run(SuiteRunner.java:286)
at org.testng.SuiteRunnerWorker.runSuite(SuiteRunnerWorker.java:53)
at org.testng.SuiteRunnerWorker.run(SuiteRunnerWorker.java:96)
at org.testng.TestNG.runSuitesSequentially(TestNG.java:1187)
at org.testng.TestNG.runSuitesLocally(TestNG.java:1109)
at org.testng.TestNG.runSuites(TestNG.java:1039)
at org.testng.TestNG.run(TestNG.java:1007)
at org.testng.remote.AbstractRemoteTestNG.run(AbstractRemoteTestNG.java:115)
at org.testng.remote.RemoteTestNG.initAndRun(RemoteTestNG.java:251)
at org.testng.remote.RemoteTestNG.main(RemoteTestNG.java:77)
]]>
    </error>
  </testcase> <!-- getData -->
  <system-out/>
  <testcase name="testDB" time="0.001" classname="com.webtest.dataprovider.NSDataProvider"/>
  <system-out/>
  <testcase name="testDB" time="0.001" classname="com.webtest.dataprovider.NSDataProvider"/>
  <system-out/>
  <testcase name="testDB" time="0.001" classname="com.webtest.dataprovider.NSDataProvider"/>
  <system-out/>
  <testcase name="testDB" time="0.001" classname="com.webtest.dataprovider.NSDataProvider"/>
  <system-out/>
  <testcase name="testDB" time="0.000" classname="com.webtest.dataprovider.NSDataProvider"/>
  <system-out/>
  <testcase name="testDB" time="0.001" classname="com.webtest.dataprovider.NSDataProvider"/>
  <system-out/>
  <testcase name="testDB" time="0.001" classname="com.webtest.dataprovider.NSDataProvider"/>
  <system-out/>
  <testcase name="testDB" time="0.001" classname="com.webtest.dataprovider.NSDataProvider"/>
  <system-out/>
  <testcase name="testDB" time="0.001" classname="com.webtest.dataprovider.NSDataProvider"/>
  <system-out/>
  <testcase name="testDB" time="0.000" classname="com.webtest.dataprovider.NSDataProvider"/>
  <system-out/>
  <testcase name="testDB" time="0.001" classname="com.webtest.dataprovider.NSDataProvider"/>
  <system-out/>
  <testcase name="testDB" time="0.001" classname="com.webtest.dataprovider.NSDataProvider"/>
  <system-out/>
  <testcase name="testDB" time="0.000" classname="com.webtest.dataprovider.NSDataProvider"/>
  <system-out/>
  <testcase name="testDB" time="0.000" classname="com.webtest.dataprovider.NSDataProvider"/>
  <system-out/>
  <testcase name="testDB" time="0.001" classname="com.webtest.dataprovider.NSDataProvider"/>
  <system-out/>
  <testcase name="testDB" time="0.001" classname="com.webtest.dataprovider.NSDataProvider"/>
  <system-out/>
  <testcase name="testDB" time="0.001" classname="com.webtest.dataprovider.NSDataProvider"/>
  <system-out/>
  <testcase name="testDB" time="0.001" classname="com.webtest.dataprovider.NSDataProvider"/>
  <system-out/>
  <testcase name="testDB" time="0.000" classname="com.webtest.dataprovider.NSDataProvider"/>
  <system-out/>
  <testcase name="testDB" time="0.000" classname="com.webtest.dataprovider.NSDataProvider"/>
  <system-out/>
  <testcase name="testDB" time="0.000" classname="com.webtest.dataprovider.NSDataProvider"/>
  <system-out/>
  <testcase name="testDB" time="0.000" classname="com.webtest.dataprovider.NSDataProvider"/>
  <system-out/>
</testsuite> <!-- com.webtest.dataprovider.NSDataProvider -->
