<?xml version="1.0" encoding="UTF-8"?>
<!-- Generated by org.testng.reporters.JUnitReportReporter -->
<testsuite skipped="0" hostname="DESKTOP-LSIEJKN" name="com.webtest.demo.XinHu22" tests="6" failures="0" timestamp="2020-11-18T21:28:08 CST" time="101.660" errors="0">
  <testcase name="subscribe" time="15.893" classname="com.webtest.demo.XinHu22"/>
  <system-out/>
  <testcase name="editGroup" time="12.713" classname="com.webtest.demo.XinHu22"/>
  <system-out/>
  <testcase name="sendMessage" time="18.752" classname="com.webtest.demo.XinHu22"/>
  <system-out/>
  <testcase name="editNotice" time="18.551" classname="com.webtest.demo.XinHu22"/>
  <system-out/>
  <testcase name="addNotice" time="20.648" classname="com.webtest.demo.XinHu22"/>
  <system-out/>
  <testcase name="readedNotice" time="15.103" classname="com.webtest.demo.XinHu22"/>
  <system-out/>
</testsuite> <!-- com.webtest.demo.XinHu22 -->
