<?xml version="1.0" encoding="UTF-8"?>
<!-- Generated by org.testng.reporters.JUnitReportReporter -->
<testsuite skipped="0" hostname="DESKTOP-LSIEJKN" name="com.webtest.demo.Login" tests="7" failures="0" timestamp="2020-06-12T15:58:12 CST" time="311.036" errors="0">
  <testcase name="personalTravel" time="44.576" classname="com.webtest.demo.Login"/>
  <system-out/>
  <testcase name="login" time="54.255" classname="com.webtest.demo.Login"/>
  <system-out/>
  <testcase name="personalTravel" time="66.234" classname="com.webtest.demo.Login"/>
  <system-out/>
  <testcase name="remark" time="15.097" classname="com.webtest.demo.Login"/>
  <system-out/>
  <testcase name="photo" time="41.323" classname="com.webtest.demo.Login"/>
  <system-out/>
  <testcase name="personalTravel" time="47.678" classname="com.webtest.demo.Login"/>
  <system-out/>
  <testcase name="personalTravel" time="41.873" classname="com.webtest.demo.Login"/>
  <system-out/>
</testsuite> <!-- com.webtest.demo.Login -->
