<?xml version="1.0" encoding="UTF-8"?>
<!-- Generated by org.testng.reporters.JUnitReportReporter -->
<testsuite skipped="0" hostname="DESKTOP-LSIEJKN" name="com.webtest.demo.Remark" tests="2" failures="0" timestamp="2020-06-12T08:59:48 CST" time="49.385" errors="0">
  <testcase name="login" time="21.818" classname="com.webtest.demo.Remark"/>
  <system-out/>
  <testcase name="photo" time="27.567" classname="com.webtest.demo.Remark"/>
  <system-out/>
</testsuite> <!-- com.webtest.demo.Remark -->
