<?xml version="1.0" encoding="UTF-8"?>
<!-- Generated by org.testng.reporters.JUnitReportReporter -->
<testsuite skipped="0" hostname="DESKTOP-LSIEJKN" name="com.webtest.demo.XinHu" tests="50" failures="0" timestamp="2020-11-18T21:53:37 CST" time="840.977" errors="0">
  <testcase name="refreshPage" time="9.055" classname="com.webtest.demo.XinHu"/>
  <system-out/>
  <testcase name="editSchedule" time="21.592" classname="com.webtest.demo.XinHu"/>
  <system-out/>
  <testcase name="editGroup" time="12.696" classname="com.webtest.demo.XinHu"/>
  <system-out/>
  <testcase name="lookDetails" time="15.348" classname="com.webtest.demo.XinHu"/>
  <system-out/>
  <testcase name="deleteFile" time="17.575" classname="com.webtest.demo.XinHu"/>
  <system-out/>
  <testcase name="sayReport" time="21.630" classname="com.webtest.demo.XinHu"/>
  <system-out/>
  <testcase name="readedMail" time="14.040" classname="com.webtest.demo.XinHu"/>
  <system-out/>
  <testcase name="addReport" time="26.639" classname="com.webtest.demo.XinHu"/>
  <system-out/>
  <testcase name="addPic" time="18.694" classname="com.webtest.demo.XinHu"/>
  <system-out/>
  <testcase name="exportThisPageNotice" time="12.070" classname="com.webtest.demo.XinHu"/>
  <system-out/>
  <testcase name="lookScheduleDetails" time="18.354" classname="com.webtest.demo.XinHu"/>
  <system-out/>
  <testcase name="lookMoneyDetails" time="15.366" classname="com.webtest.demo.XinHu"/>
  <system-out/>
  <testcase name="searchReport" time="11.836" classname="com.webtest.demo.XinHu"/>
  <system-out/>
  <testcase name="deleteWork" time="18.594" classname="com.webtest.demo.XinHu"/>
  <system-out/>
  <testcase name="exportSchedule" time="8.817" classname="com.webtest.demo.XinHu"/>
  <system-out/>
  <testcase name="addSchedule" time="15.113" classname="com.webtest.demo.XinHu"/>
  <system-out/>
  <testcase name="lookNoticeNewWindow" time="14.322" classname="com.webtest.demo.XinHu"/>
  <system-out/>
  <testcase name="exportThisPageSchedule" time="15.280" classname="com.webtest.demo.XinHu"/>
  <system-out/>
  <testcase name="exportAllSub" time="15.070" classname="com.webtest.demo.XinHu"/>
  <system-out/>
  <testcase name="lookScheduleDetailsNewWindow" time="15.584" classname="com.webtest.demo.XinHu"/>
  <system-out/>
  <testcase name="sendMail" time="29.222" classname="com.webtest.demo.XinHu"/>
  <system-out/>
  <testcase name="addPerson" time="20.592" classname="com.webtest.demo.XinHu"/>
  <system-out/>
  <testcase name="lookReportDetails" time="21.366" classname="com.webtest.demo.XinHu"/>
  <system-out/>
  <testcase name="exportAllNotice" time="12.038" classname="com.webtest.demo.XinHu"/>
  <system-out/>
  <testcase name="commentInfo" time="18.634" classname="com.webtest.demo.XinHu"/>
  <system-out/>
  <testcase name="deleteGroup" time="16.484" classname="com.webtest.demo.XinHu"/>
  <system-out/>
  <testcase name="exportAllSchedule" time="15.282" classname="com.webtest.demo.XinHu"/>
  <system-out/>
  <testcase name="deleteNotice" time="15.338" classname="com.webtest.demo.XinHu"/>
  <system-out/>
  <testcase name="seachInfo" time="12.126" classname="com.webtest.demo.XinHu"/>
  <system-out/>
  <testcase name="commentNotice" time="15.386" classname="com.webtest.demo.XinHu"/>
  <system-out/>
  <testcase name="closePage" time="21.665" classname="com.webtest.demo.XinHu"/>
  <system-out/>
  <testcase name="refreshPage1" time="21.809" classname="com.webtest.demo.XinHu"/>
  <system-out/>
  <testcase name="editInfo" time="22.688" classname="com.webtest.demo.XinHu"/>
  <system-out/>
  <testcase name="lookReportDetailsNewWindow" time="20.561" classname="com.webtest.demo.XinHu"/>
  <system-out/>
  <testcase name="commentReport" time="25.221" classname="com.webtest.demo.XinHu"/>
  <system-out/>
  <testcase name="deleteRelation" time="15.573" classname="com.webtest.demo.XinHu"/>
  <system-out/>
  <testcase name="deleteSchedule" time="18.548" classname="com.webtest.demo.XinHu"/>
  <system-out/>
  <testcase name="lookNotice" time="15.112" classname="com.webtest.demo.XinHu"/>
  <system-out/>
  <testcase name="exportThisPageSub" time="15.088" classname="com.webtest.demo.XinHu"/>
  <system-out/>
  <testcase name="deleteMail" time="14.256" classname="com.webtest.demo.XinHu"/>
  <system-out/>
  <testcase name="subscribe" time="12.076" classname="com.webtest.demo.XinHu"/>
  <system-out/>
  <testcase name="sendMessage" time="18.669" classname="com.webtest.demo.XinHu"/>
  <system-out/>
  <testcase name="searchFile" time="11.071" classname="com.webtest.demo.XinHu"/>
  <system-out/>
  <testcase name="commentSchedule" time="18.571" classname="com.webtest.demo.XinHu"/>
  <system-out/>
  <testcase name="lookDetailsNewWindow" time="14.590" classname="com.webtest.demo.XinHu"/>
  <system-out/>
  <testcase name="refreshGroup" time="12.008" classname="com.webtest.demo.XinHu"/>
  <system-out/>
  <testcase name="addGroup" time="15.474" classname="com.webtest.demo.XinHu"/>
  <system-out/>
  <testcase name="addNotice" time="20.399" classname="com.webtest.demo.XinHu"/>
  <system-out/>
  <testcase name="editNotice" time="18.339" classname="com.webtest.demo.XinHu"/>
  <system-out/>
  <testcase name="readedNotice" time="15.116" classname="com.webtest.demo.XinHu"/>
  <system-out/>
</testsuite> <!-- com.webtest.demo.XinHu -->
