<?xml version="1.0" encoding="UTF-8"?>
<!-- Generated by org.testng.reporters.JUnitReportReporter -->
<testsuite skipped="0" hostname="LAPTOP-H7VM1SJT" name="com.webtext.test.Testhomework" tests="4" failures="0" timestamp="2020-06-10T20:06:28 GMT+08:00" time="69.334" errors="0">
  <testcase name="testLogin" time="13.212" classname="com.webtext.test.Testhomework"/>
  <system-out/>
  <testcase name="testAddTravels" time="29.339" classname="com.webtext.test.Testhomework"/>
  <system-out/>
  <testcase name="testUploadPicture" time="13.385" classname="com.webtext.test.Testhomework"/>
  <system-out/>
  <testcase name="testComment" time="13.398" classname="com.webtext.test.Testhomework"/>
  <system-out/>
</testsuite> <!-- com.webtext.test.Testhomework -->
