<?xml version="1.0" encoding="UTF-8"?>
<!-- Generated by org.testng.reporters.JUnitReportReporter -->
<testsuite skipped="0" hostname="LAPTOP-H7VM1SJT" name="com.webtest.demo.Testhomework" tests="4" failures="0" timestamp="2020-06-10T20:20:44 GMT+08:00" time="72.514" errors="0">
  <testcase name="testLogin" time="15.822" classname="com.webtest.demo.Testhomework"/>
  <system-out/>
  <testcase name="testAddTravels" time="29.673" classname="com.webtest.demo.Testhomework"/>
  <system-out/>
  <testcase name="testUploadPicture" time="12.856" classname="com.webtest.demo.Testhomework"/>
  <system-out/>
  <testcase name="testComment" time="14.163" classname="com.webtest.demo.Testhomework"/>
  <system-out/>
</testsuite> <!-- com.webtest.demo.Testhomework -->
