<?xml version="1.0" encoding="UTF-8"?>
<!-- Generated by org.testng.reporters.JUnitReportReporter -->
<testsuite skipped="0" hostname="DESKTOP-LSIEJKN" name="com.auto.demo.Test2" tests="4" failures="0" timestamp="2020-12-02T21:09:26 CST" time="1.443" errors="0">
  <testcase name="test" time="1.369" classname="com.auto.demo.Test2"/>
  <system-out/>
  <testcase name="test" time="0.056" classname="com.auto.demo.Test2"/>
  <system-out/>
  <testcase name="test" time="0.012" classname="com.auto.demo.Test2"/>
  <system-out/>
  <testcase name="test" time="0.006" classname="com.auto.demo.Test2"/>
  <system-out/>
</testsuite> <!-- com.auto.demo.Test2 -->
