<?xml version="1.0" encoding="UTF-8"?>
<!-- Generated by org.testng.reporters.JUnitReportReporter -->
<testsuite skipped="0" hostname="DESKTOP-LSIEJKN" name="com.auto.demo.TestReport" tests="3" failures="0" timestamp="2020-12-11T15:30:19 CST" time="0.000" errors="0">
  <testcase name="test3" time="0.000" classname="com.auto.demo.TestReport"/>
  <system-out/>
  <testcase name="test2" time="0.000" classname="com.auto.demo.TestReport"/>
  <system-out/>
  <testcase name="test1" time="0.000" classname="com.auto.demo.TestReport"/>
  <system-out/>
</testsuite> <!-- com.auto.demo.TestReport -->
