<?xml version="1.0" encoding="UTF-8"?>
<!-- Generated by org.testng.reporters.JUnitReportReporter -->
<testsuite skipped="1" hostname="DESKTOP-LSIEJKN" name="com.auto.demo.Test1" tests="1" failures="0" timestamp="2020-12-07T12:07:17 CST" time="0.000" errors="0">
  <testcase name="test" time="0.000" classname="com.auto.demo.Test1">
    <skipped/>
  </testcase> <!-- test -->
  <system-out/>
</testsuite> <!-- com.auto.demo.Test1 -->
